Using pre-set license
Built from '2020.3/staging' branch; Version is '2020.3.23f1 (c5d91304a876) revision 12966163'; Using compiler version '192528614'; Build Type 'Release'
OS: 'Windows 10 Home; OS build 19044.1706; Version 2009; 64bit' Language: 'fr' Physical Memory: 16216 MB
BatchMode: 1, IsHumanControllingUs: 0, StartBugReporterOnCrash: 0, Is64bit: 1, IsPro: 0

COMMAND LINE ARGUMENTS:
C:\Program Files\Unity\Hub\Editor\2020.3.23f1\Editor\Unity.exe
-adb2
-batchMode
-noUpm
-name
AssetImportWorker5
-projectPath
C:/Users/brayp/GitHub/behind_the_wall/Unity/BTW
-logFile
Logs/AssetImportWorker5.log
-srvPort
56903
Successfully changed project path to: C:/Users/brayp/GitHub/behind_the_wall/Unity/BTW
C:/Users/brayp/GitHub/behind_the_wall/Unity/BTW
Using Asset Import Pipeline V2.
