Using pre-set license
Built from '2020.3/staging' branch; Version is '2020.3.23f1 (c5d91304a876) revision 12966163'; Using compiler version '192528614'; Build Type 'Release'
OS: 'Windows 10 Home; OS build 19044.1706; Version 2009; 64bit' Language: 'fr' Physical Memory: 16216 MB
BatchMode: 1, IsHumanControllingUs: 0, StartBugReporterOnCrash: 0, Is64bit: 1, IsPro: 0

COMMAND LINE ARGUMENTS:
C:\Program Files\Unity\Hub\Editor\2020.3.23f1\Editor\Unity.exe
-adb2
-batchMode
-noUpm
-name
AssetImportWorker11
-projectPath
C:/Users/brayp/GitHub/behind_the_wall/Unity/BTW
-logFile
Logs/AssetImportWorker11.log
-srvPort
56903
Successfully changed project path to: C:/Users/brayp/GitHub/behind_the_wall/Unity/BTW
C:/Users/brayp/GitHub/behind_the_wall/Unity/BTW
Using Asset Import Pipeline V2.
Refreshing native plugins compatible for Editor in 5358.09 ms, found 3 plugins.
Preloading 0 native plugins for Editor in 0.00 ms.
Initialize engine version: 2020.3.23f1 (c5d91304a876)
[Subsystems] Discovering subsystems at path C:/Program Files/Unity/Hub/Editor/2020.3.23f1/Editor/Data/Resources/UnitySubsystems
[Subsystems] Discovering subsystems at path C:/Users/brayp/GitHub/behind_the_wall/Unity/BTW/Assets
GfxDevice: creating device client; threaded=0
